<?xml version="1.0" encoding="UTF-8"?>
<testsuite xmlns:xsi="http://www.w3.org/2001/XMLSchema-instance" xsi:noNamespaceSchemaLocation="https://maven.apache.org/surefire/maven-surefire-plugin/xsd/surefire-test-report-3.0.xsd" version="3.0" name="aula.ContaPoupancaTest" time="0.041" tests="4" errors="0" skipped="0" failures="0">
  <properties>
[...]
</properties>
  <testcase name="testSaque" classname="aula.ContaPoupancaTest" time="0.003"/>
  <testcase name="testSetRendimento" classname="aula.ContaPoupancaTest" time="0.01"/>
  <testcase name="testDepositoECalculoDeSaldo" classname="aula.ContaPoupancaTest" time="0.002"/>
  <testcase name="testCriacaoContaPoupanca" classname="aula.ContaPoupancaTest" time="0.002"/>
</testsuite>